C:\USERS\DESMOND\DESKTOP\QTCALENIZER\CALENIZERGUI\DEBUG\MAIN.OBJ
C:\USERS\DESMOND\DESKTOP\QTCALENIZER\CALENIZERGUI\DEBUG\MOC_CALENIZERGUI.OBJ
C:\USERS\DESMOND\DESKTOP\QTCALENIZER\CALENIZERGUI\DEBUG\CALENIZERGUI.OBJ
C:\USERS\DESMOND\DESKTOP\QTCALENIZER\CALENIZERGUI\DEBUG\VC110.PDB
C:\USERS\DESMOND\DESKTOP\QTCALENIZER\CALENIZERGUI\DEBUG\QRC_CALENIZERGUI.OBJ
C:\USERS\DESMOND\DESKTOP\QTCALENIZER\CALENIZERGUI\GENERATEDFILES\DEBUG\MOC_CALENIZERGUI.CPP
C:\USERS\DESMOND\DESKTOP\QTCALENIZER\CALENIZERGUI\GENERATEDFILES\UI_CALENIZERGUI.H
C:\USERS\DESMOND\DESKTOP\QTCALENIZER\CALENIZERGUI\GENERATEDFILES\QRC_CALENIZERGUI.CPP
C:\USERS\DESMOND\DESKTOP\QTCALENIZER\WIN32\DEBUG\CALENIZERGUI.ILK
C:\USERS\DESMOND\DESKTOP\QTCALENIZER\WIN32\DEBUG\CALENIZERGUI.EXE
C:\USERS\DESMOND\DESKTOP\QTCALENIZER\WIN32\DEBUG\CALENIZERGUI.PDB
C:\Users\Desmond\Desktop\QTCalenizer\CalenizerGUI\Debug\CalenizerGUI.vcxprojResolveAssemblyReference.cache
C:\Users\Desmond\Desktop\QTCalenizer\CalenizerGUI\Debug\calenizergui.obj
C:\Users\Desmond\Desktop\QTCalenizer\CalenizerGUI\Debug\main.obj
C:\Users\Desmond\Desktop\QTCalenizer\CalenizerGUI\Debug\moc_calenizergui.obj
C:\Users\Desmond\Desktop\QTCalenizer\CalenizerGUI\Debug\qrc_calenizergui.obj
C:\Users\Desmond\Desktop\QTCalenizer\CalenizerGUI\Debug\cl.command.1.tlog
C:\Users\Desmond\Desktop\QTCalenizer\CalenizerGUI\Debug\CL.read.1.tlog
C:\Users\Desmond\Desktop\QTCalenizer\CalenizerGUI\Debug\CL.write.1.tlog
C:\Users\Desmond\Desktop\QTCalenizer\CalenizerGUI\Debug\custombuild.command.1.tlog
C:\Users\Desmond\Desktop\QTCalenizer\CalenizerGUI\Debug\custombuild.read.1.tlog
C:\Users\Desmond\Desktop\QTCalenizer\CalenizerGUI\Debug\custombuild.write.1.tlog
C:\Users\Desmond\Desktop\QTCalenizer\CalenizerGUI\Debug\link-cvtres.read.1.tlog
C:\Users\Desmond\Desktop\QTCalenizer\CalenizerGUI\Debug\link-cvtres.write.1.tlog
C:\Users\Desmond\Desktop\QTCalenizer\CalenizerGUI\Debug\link-rc.read.1.tlog
C:\Users\Desmond\Desktop\QTCalenizer\CalenizerGUI\Debug\link-rc.write.1.tlog
C:\Users\Desmond\Desktop\QTCalenizer\CalenizerGUI\Debug\link.command.1.tlog
C:\Users\Desmond\Desktop\QTCalenizer\CalenizerGUI\Debug\link.read.1.tlog
C:\Users\Desmond\Desktop\QTCalenizer\CalenizerGUI\Debug\link.write.1.tlog
C:\Users\Desmond\Desktop\QTCalenizer\CalenizerGUI\Debug\vc110.pdb
C:\Users\Desmond\Desktop\QTCalenizer\Win32\Debug\CalenizerGUI.pdb
C:\Users\Desmond\Desktop\QTCalenizer\Win32\Debug\CalenizerGUI.exe
C:\Users\Desmond\Desktop\QTCalenizer\Win32\Debug\CalenizerGUI.ilk
