Build started 3/25/2014 10:46:05 PM.
     1>Project "C:\Users\Desmond\Desktop\QTCalenizer\CalenizerGUI\CalenizerGUI.vcxproj" on node 3 (Rebuild target(s)).
     1>CustomBuild:
         Moc'ing calenizergui.h...
         Uic'ing calenizergui.ui...
         Rcc'ing calenizergui.qrc...
     1>RCC : warning : No resources in 'C:\Users\Desmond\Desktop\QTCalenizer\CalenizerGUI\calenizergui.qrc'.
         
       ClCompile:
         C:\Program Files (x86)\Microsoft Visual Studio 11.0\VC\bin\CL.exe /c /I..\CalenizerLib /I.\GeneratedFiles /I. /IC:\Qt\Qt5.2.1\5.2.1\msvc2012\include /I.\GeneratedFiles\Debug /IC:\Qt\Qt5.2.1\5.2.1\msvc2012\include\QtCore /IC:\Qt\Qt5.2.1\5.2.1\msvc2012\include\QtGui /IC:\Qt\Qt5.2.1\5.2.1\msvc2012\include\QtWidgets /Zi /nologo /W1 /WX- /Od /Oy- /D UNICODE /D WIN32 /D WIN64 /D QT_DLL /D QT_CORE_LIB /D QT_GUI_LIB /D QT_WIDGETS_LIB /Gm- /EHsc /MDd /GS /fp:precise /Zc:wchar_t- /Zc:forScope /Fo"Debug\\" /Fd"Debug\vc110.pdb" /Gd /TP /analyze- /errorReport:prompt calenizergui.cpp GeneratedFiles\Debug\moc_calenizergui.cpp main.cpp
         calenizergui.cpp
         moc_calenizergui.cpp
         main.cpp
         Generating Code...
         C:\Program Files (x86)\Microsoft Visual Studio 11.0\VC\bin\CL.exe /c /I..\CalenizerLib /I.\GeneratedFiles /I. /IC:\Qt\Qt5.2.1\5.2.1\msvc2012\include /I.\GeneratedFiles\Debug /IC:\Qt\Qt5.2.1\5.2.1\msvc2012\include\QtCore /IC:\Qt\Qt5.2.1\5.2.1\msvc2012\include\QtGui /IC:\Qt\Qt5.2.1\5.2.1\msvc2012\include\QtWidgets /Zi /nologo /W1 /WX- /Od /Oy- /D UNICODE /D WIN32 /D WIN64 /D QT_DLL /D QT_CORE_LIB /D QT_GUI_LIB /D QT_WIDGETS_LIB /Gm- /EHsc /MDd /GS /fp:precise /Zc:wchar_t- /Zc:forScope /Fo"Debug\\" /Fd"Debug\vc110.pdb" /Gd /TP /analyze- /errorReport:prompt GeneratedFiles\qrc_calenizergui.cpp
         qrc_calenizergui.cpp
       Link:
         C:\Program Files (x86)\Microsoft Visual Studio 11.0\VC\bin\link.exe /ERRORREPORT:PROMPT /OUT:"C:\Users\Desmond\Desktop\QTCalenizer\Win32\Debug\\CalenizerGUI.exe" /NOLOGO /LIBPATH:..\CalenizerLib /LIBPATH:C:\Qt\Qt5.2.1\5.2.1\msvc2012\lib qtmaind.lib Qt5Cored.lib Qt5Guid.lib Qt5Widgetsd.lib kernel32.lib user32.lib gdi32.lib winspool.lib comdlg32.lib advapi32.lib shell32.lib ole32.lib oleaut32.lib uuid.lib odbc32.lib odbccp32.lib /MANIFEST /MANIFESTUAC:"level='asInvoker' uiAccess='false'" /manifest:embed /DEBUG /PDB:"C:\Users\Desmond\Desktop\QTCalenizer\Win32\Debug\CalenizerGUI.pdb" /SUBSYSTEM:WINDOWS /TLBID:1 /ENTRY:"main" /DYNAMICBASE /NXCOMPAT /IMPLIB:"C:\Users\Desmond\Desktop\QTCalenizer\Win32\Debug\CalenizerGUI.lib" /MACHINE:X86 /SAFESEH Debug\calenizergui.obj
         Debug\moc_calenizergui.obj
         Debug\qrc_calenizergui.obj
         Debug\main.obj
         C:\Users\Desmond\Desktop\QTCalenizer\CalenizerLib\Debug\DateTime.obj
         C:\Users\Desmond\Desktop\QTCalenizer\CalenizerLib\Debug\DateTimeParser.obj
         C:\Users\Desmond\Desktop\QTCalenizer\CalenizerLib\Debug\History.obj
         C:\Users\Desmond\Desktop\QTCalenizer\CalenizerLib\Debug\Logger.obj
         C:\Users\Desmond\Desktop\QTCalenizer\CalenizerLib\Debug\Logic.obj
         C:\Users\Desmond\Desktop\QTCalenizer\CalenizerLib\Debug\MultipleIndexParser.obj
         C:\Users\Desmond\Desktop\QTCalenizer\CalenizerLib\Debug\NLParser.obj
         C:\Users\Desmond\Desktop\QTCalenizer\CalenizerLib\Debug\Parser.obj
         C:\Users\Desmond\Desktop\QTCalenizer\CalenizerLib\Debug\Task.obj
         C:\Users\Desmond\Desktop\QTCalenizer\CalenizerLib\Debug\TaskDeadline.obj
         C:\Users\Desmond\Desktop\QTCalenizer\CalenizerLib\Debug\TaskFilter.obj
         C:\Users\Desmond\Desktop\QTCalenizer\CalenizerLib\Debug\TaskFloat.obj
         C:\Users\Desmond\Desktop\QTCalenizer\CalenizerLib\Debug\TaskStorage.obj
         C:\Users\Desmond\Desktop\QTCalenizer\CalenizerLib\Debug\TaskTimed.obj
         C:\Users\Desmond\Desktop\QTCalenizer\CalenizerLib\Debug\UI.obj
         C:\Users\Desmond\Desktop\QTCalenizer\CalenizerLib\Debug\UIDisplay.obj
         C:\Users\Desmond\Desktop\QTCalenizer\CalenizerLib\Debug\UILoader.obj
     1>msvcprtd.lib(locale0_implib.obj) : warning LNK4210: .CRT section exists; there may be unhandled static initializers or terminators
     1>calenizergui.obj : warning LNK4210: .CRT section exists; there may be unhandled static initializers or terminators
     1>moc_calenizergui.obj : warning LNK4210: .CRT section exists; there may be unhandled static initializers or terminators
     1>qrc_calenizergui.obj : warning LNK4210: .CRT section exists; there may be unhandled static initializers or terminators
     1>main.obj : warning LNK4210: .CRT section exists; there may be unhandled static initializers or terminators
     1>DateTime.obj : warning LNK4210: .CRT section exists; there may be unhandled static initializers or terminators
     1>DateTimeParser.obj : warning LNK4210: .CRT section exists; there may be unhandled static initializers or terminators
     1>History.obj : warning LNK4210: .CRT section exists; there may be unhandled static initializers or terminators
     1>Logger.obj : warning LNK4210: .CRT section exists; there may be unhandled static initializers or terminators
     1>Logic.obj : warning LNK4210: .CRT section exists; there may be unhandled static initializers or terminators
     1>MultipleIndexParser.obj : warning LNK4210: .CRT section exists; there may be unhandled static initializers or terminators
     1>NLParser.obj : warning LNK4210: .CRT section exists; there may be unhandled static initializers or terminators
     1>Parser.obj : warning LNK4210: .CRT section exists; there may be unhandled static initializers or terminators
     1>TaskDeadline.obj : warning LNK4210: .CRT section exists; there may be unhandled static initializers or terminators
     1>TaskFilter.obj : warning LNK4210: .CRT section exists; there may be unhandled static initializers or terminators
     1>TaskFloat.obj : warning LNK4210: .CRT section exists; there may be unhandled static initializers or terminators
     1>TaskStorage.obj : warning LNK4210: .CRT section exists; there may be unhandled static initializers or terminators
     1>TaskTimed.obj : warning LNK4210: .CRT section exists; there may be unhandled static initializers or terminators
     1>UI.obj : warning LNK4210: .CRT section exists; there may be unhandled static initializers or terminators
     1>UIDisplay.obj : warning LNK4210: .CRT section exists; there may be unhandled static initializers or terminators
     1>UILoader.obj : warning LNK4210: .CRT section exists; there may be unhandled static initializers or terminators
     1>msvcprtd.lib(locale0_implib.obj) : warning LNK4210: .CRT section exists; there may be unhandled static initializers or terminators
     1>MSVCRTD.lib(atonexit.obj) : warning LNK4210: .CRT section exists; there may be unhandled static initializers or terminators
         CalenizerGUI.vcxproj -> C:\Users\Desmond\Desktop\QTCalenizer\Win32\Debug\CalenizerGUI.exe
     1>Done Building Project "C:\Users\Desmond\Desktop\QTCalenizer\CalenizerGUI\CalenizerGUI.vcxproj" (Rebuild target(s)).

Build succeeded.

Time Elapsed 00:00:07.16
